<?xml version="1.0" encoding="UTF-8"?>
<testsuite name="MyUnitTest" tests="1" skipped="0" failures="0" errors="0" timestamp="2019-12-18T15:04:25" hostname="Emily-Wus-Computer.local" time="0.002">
  <properties/>
  <testcase name="testConcatenate" classname="MyUnitTest" time="0.002"/>
  <system-out><![CDATA[]]></system-out>
  <system-err><![CDATA[]]></system-err>
</testsuite>
